<?xml version="1.0" encoding="UTF-8"?>
<testsuites name="Test Suite 1" time="180.98" tests="5" failures="0" errors="0">
   <testsuite name="Test Suite 1" tests="5" failures="0" errors="0" time="180.98" skipped="0" timestamp="14-02-2024T15:17:35" hostname="rizky - Rizky" id="Test Suites/Test Suite 1">
      <properties>
         <property name="deviceName" value="samsung SM-M225FV (Android 13)"/>
         <property name="devicePlatform" value=""/>
         <property name="logFolder" value="C:\\Users\\rizky\\git\\katalon-finalmobile-RizkyAriSaktiaPasi\\Reports\\20240214_151728\\Test Suite 1\\20240214_151728"/>
         <property name="logFiles" value="C:\\Users\\rizky\\git\\katalon-finalmobile-RizkyAriSaktiaPasi\\Reports\\20240214_151728\\Test Suite 1\\20240214_151728\\appium.log, C:\\Users\\rizky\\git\\katalon-finalmobile-RizkyAriSaktiaPasi\\Reports\\20240214_151728\\Test Suite 1\\20240214_151728\\appium_error.log, C:\\Users\\rizky\\git\\katalon-finalmobile-RizkyAriSaktiaPasi\\Reports\\20240214_151728\\Test Suite 1\\20240214_151728\\execution0.log"/>
         <property name="attachments" value="C:\\Users\\rizky\\git\\katalon-finalmobile-RizkyAriSaktiaPasi\\Reports\\20240214_151728\\Test Suite 1\\20240214_151728\\1707898700103.png, C:\\Users\\rizky\\git\\katalon-finalmobile-RizkyAriSaktiaPasi\\Reports\\20240214_151728\\Test Suite 1\\20240214_151728\\1707898732585.png, C:\\Users\\rizky\\git\\katalon-finalmobile-RizkyAriSaktiaPasi\\Reports\\20240214_151728\\Test Suite 1\\20240214_151728\\1707898761775.png, C:\\Users\\rizky\\git\\katalon-finalmobile-RizkyAriSaktiaPasi\\Reports\\20240214_151728\\Test Suite 1\\20240214_151728\\1707898825481.png"/>
         <property name="hostName" value="rizky - Rizky"/>
         <property name="os" value="Windows 11 64bit"/>
         <property name="appiumServerStatus" value="{&quot;value&quot;:{&quot;ready&quot;:true,&quot;message&quot;:&quot;The server is ready to accept new connections&quot;,&quot;build&quot;:{&quot;version&quot;:&quot;2.5.0&quot;}}}"/>
         <property name="katalonVersion" value="9.3.0.212"/>
         <property name="deviceOS" value="Android"/>
         <property name="appiumVersion" value="2.5.0"/>
         <property name="deviceModel" value="SM-M225FV"/>
         <property name="hostAddress" value="192.168.218.51"/>
         <property name="deviceManufacturer" value="samsung"/>
         <property name="deviceId" value="RR8T101KEAX"/>
         <property name="deviceName" value="samsung SM-M225FV (Android 13)"/>
         <property name="deviceOSVersion" value="13"/>
      </properties>
      <testcase name="Test Cases/Login" time="45.78" classname="Test Cases/Login" status="PASSED">
         <system-out><![CDATA[14-02-2024T15:17:35 - [TEST_CASE][PASSED] - Test Cases/Login: Test Cases/Login

14-02-2024T15:17:36 - [TEST_STEP][PASSED] - startApplication("C:\Users\rizky\Downloads\Advantage+demo+3.2.apk", true): Started app at: 'C:\Users\rizky\Downloads\Advantage+demo+3.2.apk'

14-02-2024T15:17:36 - [MESSAGE][INFO] - Detected NodeJS location: "C:\Program Files\nodejs\node.exe"

14-02-2024T15:17:42 - [MESSAGE][INFO] - PATH: C:\Program Files\nodejs;

14-02-2024T15:17:42 - [MESSAGE][INFO] - APPIUM_HOME: C:\Users\rizky\.appium

14-02-2024T15:17:42 - [MESSAGE][INFO] - appium outlog: C:\Users\rizky\git\katalon-finalmobile-RizkyAriSaktiaPasi\Reports\20240214_151728\Test Suite 1\20240214_151728\appium.log

14-02-2024T15:17:42 - [MESSAGE][INFO] - appium errlog: C:\Users\rizky\git\katalon-finalmobile-RizkyAriSaktiaPasi\Reports\20240214_151728\Test Suite 1\20240214_151728\appium_error.log

14-02-2024T15:17:46 - [MESSAGE][INFO] - Appium server started on port 60.782

14-02-2024T15:18:01 - [MESSAGE][PASSED] - Started app at: 'C:\Users\rizky\Downloads\Advantage+demo+3.2.apk'

14-02-2024T15:18:01 - [TEST_STEP][PASSED] - tap(findTestObject("Object Repository/Login/android.widget.ImageView"), 0): Tapped on element 'Object Repository/Login/android.widget.ImageView'

14-02-2024T15:18:02 - [MESSAGE][WARNING] - Timeout '0' is invalid. Using default page load timeout: '30'

14-02-2024T15:18:04 - [MESSAGE][PASSED] - Tapped on element 'Object Repository/Login/android.widget.ImageView'

14-02-2024T15:18:04 - [TEST_STEP][PASSED] - tap(findTestObject("Object Repository/Login/android.widget.ImageView (1)"), 0): Tapped on element 'Object Repository/Login/android.widget.ImageView (1)'

14-02-2024T15:18:04 - [MESSAGE][WARNING] - Timeout '0' is invalid. Using default page load timeout: '30'

14-02-2024T15:18:05 - [MESSAGE][PASSED] - Tapped on element 'Object Repository/Login/android.widget.ImageView (1)'

14-02-2024T15:18:05 - [TEST_STEP][PASSED] - setText(findTestObject("Object Repository/Login/android.widget.EditText"), Username, 0): Text 'dika12' has been set to element 'Object Repository/Login/android.widget.EditText'

14-02-2024T15:18:05 - [MESSAGE][WARNING] - Timeout '0' is invalid. Using default page load timeout: '30'

14-02-2024T15:18:09 - [MESSAGE][PASSED] - Text 'dika12' has been set to element 'Object Repository/Login/android.widget.EditText'

14-02-2024T15:18:09 - [TEST_STEP][PASSED] - setText(findTestObject("Object Repository/Login/android.widget.EditText (1)"), Password, 0): Text 'Dika12' has been set to element 'Object Repository/Login/android.widget.EditText (1)'

14-02-2024T15:18:09 - [MESSAGE][WARNING] - Timeout '0' is invalid. Using default page load timeout: '30'

14-02-2024T15:18:12 - [MESSAGE][PASSED] - Text 'Dika12' has been set to element 'Object Repository/Login/android.widget.EditText (1)'

14-02-2024T15:18:12 - [TEST_STEP][PASSED] - hideKeyboard(): Keyboard is hidden

14-02-2024T15:18:14 - [MESSAGE][PASSED] - Keyboard is hidden

14-02-2024T15:18:14 - [TEST_STEP][PASSED] - tap(findTestObject("Object Repository/Login/android.widget.Button - LOGIN"), 0): Tapped on element 'Object Repository/Login/android.widget.Button - LOGIN'

14-02-2024T15:18:14 - [MESSAGE][WARNING] - Timeout '0' is invalid. Using default page load timeout: '30'

14-02-2024T15:18:14 - [MESSAGE][PASSED] - Tapped on element 'Object Repository/Login/android.widget.Button - LOGIN'

14-02-2024T15:18:14 - [TEST_STEP][PASSED] - VerifyPassSalah = verifyElementVisible(findTestObject("Object Repository/Login/android.widget.TextView - Incorrect user name or password"), 5, OPTIONAL): Element 'Object Repository/Login/android.widget.TextView - Incorrect user name or password' not found (Root cause: com.kms.katalon.core.exception.StepFailedException: Element 'Object Repository/Login/android.widget.TextView - Incorrect user name or password' not found
	at com.kms.katalon.core.mobile.keyword.internal.MobileKeywordMain.stepFailed(MobileKeywordMain.groovy:38)
	at com.kms.katalon.core.mobile.keyword.builtin.VerifyElementVisibleKeyword$_verifyElementVisible_closure1.doCall(VerifyElementVisibleKeyword.groovy:53)
	at com.kms.katalon.core.mobile.keyword.builtin.VerifyElementVisibleKeyword$_verifyElementVisible_closure1.call(VerifyElementVisibleKeyword.groovy)
	at com.kms.katalon.core.mobile.keyword.internal.MobileKeywordMain.runKeyword(MobileKeywordMain.groovy:19)
	at com.kms.katalon.core.mobile.keyword.builtin.VerifyElementVisibleKeyword.verifyElementVisible(VerifyElementVisibleKeyword.groovy:56)
	at com.kms.katalon.core.mobile.keyword.builtin.VerifyElementVisibleKeyword.execute(VerifyElementVisibleKeyword.groovy:35)
	at com.kms.katalon.core.keyword.internal.KeywordExecutor.executeKeywordForPlatform(KeywordExecutor.groovy:74)
	at com.kms.katalon.core.mobile.keyword.MobileBuiltInKeywords.verifyElementVisible(MobileBuiltInKeywords.groovy:2015)
	at Login.run(Login:34)
	at com.kms.katalon.core.main.ScriptEngine.run(ScriptEngine.java:194)
	at com.kms.katalon.core.main.ScriptEngine.runScriptAsRawText(ScriptEngine.java:119)
	at com.kms.katalon.core.main.TestCaseExecutor.runScript(TestCaseExecutor.java:448)
	at com.kms.katalon.core.main.TestCaseExecutor.doExecute(TestCaseExecutor.java:439)
	at com.kms.katalon.core.main.TestCaseExecutor.processExecutionPhase(TestCaseExecutor.java:418)
	at com.kms.katalon.core.main.TestCaseExecutor.accessMainPhase(TestCaseExecutor.java:410)
	at com.kms.katalon.core.main.TestCaseExecutor.execute(TestCaseExecutor.java:285)
	at com.kms.katalon.core.common.CommonExecutor.accessTestCaseMainPhase(CommonExecutor.java:65)
	at com.kms.katalon.core.main.TestSuiteExecutor.accessTestSuiteMainPhase(TestSuiteExecutor.java:148)
	at com.kms.katalon.core.main.TestSuiteExecutor.execute(TestSuiteExecutor.java:106)
	at com.kms.katalon.core.main.TestCaseMain.startTestSuite(TestCaseMain.java:180)
	at TempTestSuite1707898648404.run(TempTestSuite1707898648404.groovy:36)
	at java.base/jdk.internal.reflect.NativeMethodAccessorImpl.invoke0(Native Method)
	at java.base/jdk.internal.reflect.NativeMethodAccessorImpl.invoke(NativeMethodAccessorImpl.java:77)
	at java.base/jdk.internal.reflect.DelegatingMethodAccessorImpl.invoke(DelegatingMethodAccessorImpl.java:43)
)

14-02-2024T15:18:20 - [MESSAGE][WARNING] - Element 'Object Repository/Login/android.widget.TextView - Incorrect user name or password' not found (Root cause: com.kms.katalon.core.exception.StepFailedException: Element 'Object Repository/Login/android.widget.TextView - Incorrect user name or password' not found
	at com.kms.katalon.core.mobile.keyword.internal.MobileKeywordMain.stepFailed(MobileKeywordMain.groovy:38)
	at com.kms.katalon.core.mobile.keyword.builtin.VerifyElementVisibleKeyword$_verifyElementVisible_closure1.doCall(VerifyElementVisibleKeyword.groovy:53)
	at com.kms.katalon.core.mobile.keyword.builtin.VerifyElementVisibleKeyword$_verifyElementVisible_closure1.call(VerifyElementVisibleKeyword.groovy)
	at com.kms.katalon.core.mobile.keyword.internal.MobileKeywordMain.runKeyword(MobileKeywordMain.groovy:19)
	at com.kms.katalon.core.mobile.keyword.builtin.VerifyElementVisibleKeyword.verifyElementVisible(VerifyElementVisibleKeyword.groovy:56)
	at com.kms.katalon.core.mobile.keyword.builtin.VerifyElementVisibleKeyword.execute(VerifyElementVisibleKeyword.groovy:35)
	at com.kms.katalon.core.keyword.internal.KeywordExecutor.executeKeywordForPlatform(KeywordExecutor.groovy:74)
	at com.kms.katalon.core.mobile.keyword.MobileBuiltInKeywords.verifyElementVisible(MobileBuiltInKeywords.groovy:2015)
	at Login.run(Login:34)
	at com.kms.katalon.core.main.ScriptEngine.run(ScriptEngine.java:194)
	at com.kms.katalon.core.main.ScriptEngine.runScriptAsRawText(ScriptEngine.java:119)
	at com.kms.katalon.core.main.TestCaseExecutor.runScript(TestCaseExecutor.java:448)
	at com.kms.katalon.core.main.TestCaseExecutor.doExecute(TestCaseExecutor.java:439)
	at com.kms.katalon.core.main.TestCaseExecutor.processExecutionPhase(TestCaseExecutor.java:418)
	at com.kms.katalon.core.main.TestCaseExecutor.accessMainPhase(TestCaseExecutor.java:410)
	at com.kms.katalon.core.main.TestCaseExecutor.execute(TestCaseExecutor.java:285)
	at com.kms.katalon.core.common.CommonExecutor.accessTestCaseMainPhase(CommonExecutor.java:65)
	at com.kms.katalon.core.main.TestSuiteExecutor.accessTestSuiteMainPhase(TestSuiteExecutor.java:148)
	at com.kms.katalon.core.main.TestSuiteExecutor.execute(TestSuiteExecutor.java:106)
	at com.kms.katalon.core.main.TestCaseMain.startTestSuite(TestCaseMain.java:180)
	at TempTestSuite1707898648404.run(TempTestSuite1707898648404.groovy:36)
	at java.base/jdk.internal.reflect.NativeMethodAccessorImpl.invoke0(Native Method)
	at java.base/jdk.internal.reflect.NativeMethodAccessorImpl.invoke(NativeMethodAccessorImpl.java:77)
	at java.base/jdk.internal.reflect.DelegatingMethodAccessorImpl.invoke(DelegatingMethodAccessorImpl.java:43)
)
[[ATTACHMENT|C:\\Users\\rizky\\git\\katalon-finalmobile-RizkyAriSaktiaPasi\\Reports\\20240214_151728\\Test Suite 1\\20240214_151728\\1707898700103.png]]

14-02-2024T15:18:20 - [TEST_STEP][PASSED] - if (VerifyPassSalah): null

14-02-2024T15:18:20 - [TEST_STEP][PASSED] - else: Tapped on element 'Object Repository/Login/android.widget.Button - NO'

14-02-2024T15:18:20 - [TEST_STEP][PASSED] - println("Berhasil Login"): null

14-02-2024T15:18:20 - [TEST_STEP][PASSED] - tap(findTestObject("Object Repository/Login/android.widget.Button - NO"), 0): Tapped on element 'Object Repository/Login/android.widget.Button - NO'

14-02-2024T15:18:21 - [MESSAGE][WARNING] - Timeout '0' is invalid. Using default page load timeout: '30'

14-02-2024T15:18:21 - [MESSAGE][PASSED] - Tapped on element 'Object Repository/Login/android.widget.Button - NO']]></system-out>
         <system-err><![CDATA[]]></system-err>
      </testcase>
      <testcase name="Test Cases/Login" time="32.259" classname="Test Cases/Login" status="PASSED">
         <system-out><![CDATA[14-02-2024T15:18:21 - [TEST_CASE][PASSED] - Test Cases/Login: Test Cases/Login

14-02-2024T15:18:21 - [TEST_STEP][PASSED] - startApplication("C:\Users\rizky\Downloads\Advantage+demo+3.2.apk", true): Started app at: 'C:\Users\rizky\Downloads\Advantage+demo+3.2.apk'

14-02-2024T15:18:33 - [MESSAGE][PASSED] - Started app at: 'C:\Users\rizky\Downloads\Advantage+demo+3.2.apk'

14-02-2024T15:18:33 - [TEST_STEP][PASSED] - tap(findTestObject("Object Repository/Login/android.widget.ImageView"), 0): Tapped on element 'Object Repository/Login/android.widget.ImageView'

14-02-2024T15:18:33 - [MESSAGE][WARNING] - Timeout '0' is invalid. Using default page load timeout: '30'

14-02-2024T15:18:37 - [MESSAGE][PASSED] - Tapped on element 'Object Repository/Login/android.widget.ImageView'

14-02-2024T15:18:37 - [TEST_STEP][PASSED] - tap(findTestObject("Object Repository/Login/android.widget.ImageView (1)"), 0): Tapped on element 'Object Repository/Login/android.widget.ImageView (1)'

14-02-2024T15:18:37 - [MESSAGE][WARNING] - Timeout '0' is invalid. Using default page load timeout: '30'

14-02-2024T15:18:39 - [MESSAGE][PASSED] - Tapped on element 'Object Repository/Login/android.widget.ImageView (1)'

14-02-2024T15:18:39 - [TEST_STEP][PASSED] - setText(findTestObject("Object Repository/Login/android.widget.EditText"), Username, 0): Text 'Cikal1' has been set to element 'Object Repository/Login/android.widget.EditText'

14-02-2024T15:18:39 - [MESSAGE][WARNING] - Timeout '0' is invalid. Using default page load timeout: '30'

14-02-2024T15:18:42 - [MESSAGE][PASSED] - Text 'Cikal1' has been set to element 'Object Repository/Login/android.widget.EditText'

14-02-2024T15:18:42 - [TEST_STEP][PASSED] - setText(findTestObject("Object Repository/Login/android.widget.EditText (1)"), Password, 0): Text 'Cikal123' has been set to element 'Object Repository/Login/android.widget.EditText (1)'

14-02-2024T15:18:42 - [MESSAGE][WARNING] - Timeout '0' is invalid. Using default page load timeout: '30'

14-02-2024T15:18:45 - [MESSAGE][PASSED] - Text 'Cikal123' has been set to element 'Object Repository/Login/android.widget.EditText (1)'

14-02-2024T15:18:45 - [TEST_STEP][PASSED] - hideKeyboard(): Keyboard is hidden

14-02-2024T15:18:46 - [MESSAGE][PASSED] - Keyboard is hidden

14-02-2024T15:18:46 - [TEST_STEP][PASSED] - tap(findTestObject("Object Repository/Login/android.widget.Button - LOGIN"), 0): Tapped on element 'Object Repository/Login/android.widget.Button - LOGIN'

14-02-2024T15:18:46 - [MESSAGE][WARNING] - Timeout '0' is invalid. Using default page load timeout: '30'

14-02-2024T15:18:47 - [MESSAGE][PASSED] - Tapped on element 'Object Repository/Login/android.widget.Button - LOGIN'

14-02-2024T15:18:47 - [TEST_STEP][PASSED] - VerifyPassSalah = verifyElementVisible(findTestObject("Object Repository/Login/android.widget.TextView - Incorrect user name or password"), 5, OPTIONAL): Element 'Object Repository/Login/android.widget.TextView - Incorrect user name or password' not found (Root cause: com.kms.katalon.core.exception.StepFailedException: Element 'Object Repository/Login/android.widget.TextView - Incorrect user name or password' not found
	at com.kms.katalon.core.mobile.keyword.internal.MobileKeywordMain.stepFailed(MobileKeywordMain.groovy:38)
	at com.kms.katalon.core.mobile.keyword.builtin.VerifyElementVisibleKeyword$_verifyElementVisible_closure1.doCall(VerifyElementVisibleKeyword.groovy:53)
	at com.kms.katalon.core.mobile.keyword.builtin.VerifyElementVisibleKeyword$_verifyElementVisible_closure1.call(VerifyElementVisibleKeyword.groovy)
	at com.kms.katalon.core.mobile.keyword.internal.MobileKeywordMain.runKeyword(MobileKeywordMain.groovy:19)
	at com.kms.katalon.core.mobile.keyword.builtin.VerifyElementVisibleKeyword.verifyElementVisible(VerifyElementVisibleKeyword.groovy:56)
	at com.kms.katalon.core.mobile.keyword.builtin.VerifyElementVisibleKeyword.execute(VerifyElementVisibleKeyword.groovy:35)
	at com.kms.katalon.core.keyword.internal.KeywordExecutor.executeKeywordForPlatform(KeywordExecutor.groovy:74)
	at com.kms.katalon.core.mobile.keyword.MobileBuiltInKeywords.verifyElementVisible(MobileBuiltInKeywords.groovy:2015)
	at Login.run(Login:34)
	at com.kms.katalon.core.main.ScriptEngine.run(ScriptEngine.java:194)
	at com.kms.katalon.core.main.ScriptEngine.runScriptAsRawText(ScriptEngine.java:119)
	at com.kms.katalon.core.main.TestCaseExecutor.runScript(TestCaseExecutor.java:448)
	at com.kms.katalon.core.main.TestCaseExecutor.doExecute(TestCaseExecutor.java:439)
	at com.kms.katalon.core.main.TestCaseExecutor.processExecutionPhase(TestCaseExecutor.java:418)
	at com.kms.katalon.core.main.TestCaseExecutor.accessMainPhase(TestCaseExecutor.java:410)
	at com.kms.katalon.core.main.TestCaseExecutor.execute(TestCaseExecutor.java:285)
	at com.kms.katalon.core.common.CommonExecutor.accessTestCaseMainPhase(CommonExecutor.java:65)
	at com.kms.katalon.core.main.TestSuiteExecutor.accessTestSuiteMainPhase(TestSuiteExecutor.java:148)
	at com.kms.katalon.core.main.TestSuiteExecutor.execute(TestSuiteExecutor.java:106)
	at com.kms.katalon.core.main.TestCaseMain.startTestSuite(TestCaseMain.java:180)
	at TempTestSuite1707898648404.run(TempTestSuite1707898648404.groovy:36)
	at java.base/jdk.internal.reflect.NativeMethodAccessorImpl.invoke0(Native Method)
	at java.base/jdk.internal.reflect.NativeMethodAccessorImpl.invoke(NativeMethodAccessorImpl.java:77)
	at java.base/jdk.internal.reflect.DelegatingMethodAccessorImpl.invoke(DelegatingMethodAccessorImpl.java:43)
)

14-02-2024T15:18:53 - [MESSAGE][WARNING] - Element 'Object Repository/Login/android.widget.TextView - Incorrect user name or password' not found (Root cause: com.kms.katalon.core.exception.StepFailedException: Element 'Object Repository/Login/android.widget.TextView - Incorrect user name or password' not found
	at com.kms.katalon.core.mobile.keyword.internal.MobileKeywordMain.stepFailed(MobileKeywordMain.groovy:38)
	at com.kms.katalon.core.mobile.keyword.builtin.VerifyElementVisibleKeyword$_verifyElementVisible_closure1.doCall(VerifyElementVisibleKeyword.groovy:53)
	at com.kms.katalon.core.mobile.keyword.builtin.VerifyElementVisibleKeyword$_verifyElementVisible_closure1.call(VerifyElementVisibleKeyword.groovy)
	at com.kms.katalon.core.mobile.keyword.internal.MobileKeywordMain.runKeyword(MobileKeywordMain.groovy:19)
	at com.kms.katalon.core.mobile.keyword.builtin.VerifyElementVisibleKeyword.verifyElementVisible(VerifyElementVisibleKeyword.groovy:56)
	at com.kms.katalon.core.mobile.keyword.builtin.VerifyElementVisibleKeyword.execute(VerifyElementVisibleKeyword.groovy:35)
	at com.kms.katalon.core.keyword.internal.KeywordExecutor.executeKeywordForPlatform(KeywordExecutor.groovy:74)
	at com.kms.katalon.core.mobile.keyword.MobileBuiltInKeywords.verifyElementVisible(MobileBuiltInKeywords.groovy:2015)
	at Login.run(Login:34)
	at com.kms.katalon.core.main.ScriptEngine.run(ScriptEngine.java:194)
	at com.kms.katalon.core.main.ScriptEngine.runScriptAsRawText(ScriptEngine.java:119)
	at com.kms.katalon.core.main.TestCaseExecutor.runScript(TestCaseExecutor.java:448)
	at com.kms.katalon.core.main.TestCaseExecutor.doExecute(TestCaseExecutor.java:439)
	at com.kms.katalon.core.main.TestCaseExecutor.processExecutionPhase(TestCaseExecutor.java:418)
	at com.kms.katalon.core.main.TestCaseExecutor.accessMainPhase(TestCaseExecutor.java:410)
	at com.kms.katalon.core.main.TestCaseExecutor.execute(TestCaseExecutor.java:285)
	at com.kms.katalon.core.common.CommonExecutor.accessTestCaseMainPhase(CommonExecutor.java:65)
	at com.kms.katalon.core.main.TestSuiteExecutor.accessTestSuiteMainPhase(TestSuiteExecutor.java:148)
	at com.kms.katalon.core.main.TestSuiteExecutor.execute(TestSuiteExecutor.java:106)
	at com.kms.katalon.core.main.TestCaseMain.startTestSuite(TestCaseMain.java:180)
	at TempTestSuite1707898648404.run(TempTestSuite1707898648404.groovy:36)
	at java.base/jdk.internal.reflect.NativeMethodAccessorImpl.invoke0(Native Method)
	at java.base/jdk.internal.reflect.NativeMethodAccessorImpl.invoke(NativeMethodAccessorImpl.java:77)
	at java.base/jdk.internal.reflect.DelegatingMethodAccessorImpl.invoke(DelegatingMethodAccessorImpl.java:43)
)
[[ATTACHMENT|C:\\Users\\rizky\\git\\katalon-finalmobile-RizkyAriSaktiaPasi\\Reports\\20240214_151728\\Test Suite 1\\20240214_151728\\1707898732585.png]]

14-02-2024T15:18:53 - [TEST_STEP][PASSED] - if (VerifyPassSalah): null

14-02-2024T15:18:53 - [TEST_STEP][PASSED] - else: Tapped on element 'Object Repository/Login/android.widget.Button - NO'

14-02-2024T15:18:53 - [TEST_STEP][PASSED] - println("Berhasil Login"): null

14-02-2024T15:18:53 - [TEST_STEP][PASSED] - tap(findTestObject("Object Repository/Login/android.widget.Button - NO"), 0): Tapped on element 'Object Repository/Login/android.widget.Button - NO'

14-02-2024T15:18:53 - [MESSAGE][WARNING] - Timeout '0' is invalid. Using default page load timeout: '30'

14-02-2024T15:18:53 - [MESSAGE][PASSED] - Tapped on element 'Object Repository/Login/android.widget.Button - NO']]></system-out>
         <system-err><![CDATA[]]></system-err>
      </testcase>
      <testcase name="Test Cases/Login" time="28.994" classname="Test Cases/Login" status="PASSED">
         <system-out><![CDATA[14-02-2024T15:18:53 - [TEST_CASE][PASSED] - Test Cases/Login: Test Cases/Login

14-02-2024T15:18:53 - [TEST_STEP][PASSED] - startApplication("C:\Users\rizky\Downloads\Advantage+demo+3.2.apk", true): Started app at: 'C:\Users\rizky\Downloads\Advantage+demo+3.2.apk'

14-02-2024T15:19:04 - [MESSAGE][PASSED] - Started app at: 'C:\Users\rizky\Downloads\Advantage+demo+3.2.apk'

14-02-2024T15:19:04 - [TEST_STEP][PASSED] - tap(findTestObject("Object Repository/Login/android.widget.ImageView"), 0): Tapped on element 'Object Repository/Login/android.widget.ImageView'

14-02-2024T15:19:04 - [MESSAGE][WARNING] - Timeout '0' is invalid. Using default page load timeout: '30'

14-02-2024T15:19:07 - [MESSAGE][PASSED] - Tapped on element 'Object Repository/Login/android.widget.ImageView'

14-02-2024T15:19:07 - [TEST_STEP][PASSED] - tap(findTestObject("Object Repository/Login/android.widget.ImageView (1)"), 0): Tapped on element 'Object Repository/Login/android.widget.ImageView (1)'

14-02-2024T15:19:07 - [MESSAGE][WARNING] - Timeout '0' is invalid. Using default page load timeout: '30'

14-02-2024T15:19:09 - [MESSAGE][PASSED] - Tapped on element 'Object Repository/Login/android.widget.ImageView (1)'

14-02-2024T15:19:09 - [TEST_STEP][PASSED] - setText(findTestObject("Object Repository/Login/android.widget.EditText"), Username, 0): Text 'Fariz123' has been set to element 'Object Repository/Login/android.widget.EditText'

14-02-2024T15:19:09 - [MESSAGE][WARNING] - Timeout '0' is invalid. Using default page load timeout: '30'

14-02-2024T15:19:12 - [MESSAGE][PASSED] - Text 'Fariz123' has been set to element 'Object Repository/Login/android.widget.EditText'

14-02-2024T15:19:12 - [TEST_STEP][PASSED] - setText(findTestObject("Object Repository/Login/android.widget.EditText (1)"), Password, 0): Text 'Fariz123' has been set to element 'Object Repository/Login/android.widget.EditText (1)'

14-02-2024T15:19:12 - [MESSAGE][WARNING] - Timeout '0' is invalid. Using default page load timeout: '30'

14-02-2024T15:19:15 - [MESSAGE][PASSED] - Text 'Fariz123' has been set to element 'Object Repository/Login/android.widget.EditText (1)'

14-02-2024T15:19:15 - [TEST_STEP][PASSED] - hideKeyboard(): Keyboard is hidden

14-02-2024T15:19:16 - [MESSAGE][PASSED] - Keyboard is hidden

14-02-2024T15:19:16 - [TEST_STEP][PASSED] - tap(findTestObject("Object Repository/Login/android.widget.Button - LOGIN"), 0): Tapped on element 'Object Repository/Login/android.widget.Button - LOGIN'

14-02-2024T15:19:16 - [MESSAGE][WARNING] - Timeout '0' is invalid. Using default page load timeout: '30'

14-02-2024T15:19:16 - [MESSAGE][PASSED] - Tapped on element 'Object Repository/Login/android.widget.Button - LOGIN'

14-02-2024T15:19:16 - [TEST_STEP][PASSED] - VerifyPassSalah = verifyElementVisible(findTestObject("Object Repository/Login/android.widget.TextView - Incorrect user name or password"), 5, OPTIONAL): Element 'Object Repository/Login/android.widget.TextView - Incorrect user name or password' not found (Root cause: com.kms.katalon.core.exception.StepFailedException: Element 'Object Repository/Login/android.widget.TextView - Incorrect user name or password' not found
	at com.kms.katalon.core.mobile.keyword.internal.MobileKeywordMain.stepFailed(MobileKeywordMain.groovy:38)
	at com.kms.katalon.core.mobile.keyword.builtin.VerifyElementVisibleKeyword$_verifyElementVisible_closure1.doCall(VerifyElementVisibleKeyword.groovy:53)
	at com.kms.katalon.core.mobile.keyword.builtin.VerifyElementVisibleKeyword$_verifyElementVisible_closure1.call(VerifyElementVisibleKeyword.groovy)
	at com.kms.katalon.core.mobile.keyword.internal.MobileKeywordMain.runKeyword(MobileKeywordMain.groovy:19)
	at com.kms.katalon.core.mobile.keyword.builtin.VerifyElementVisibleKeyword.verifyElementVisible(VerifyElementVisibleKeyword.groovy:56)
	at com.kms.katalon.core.mobile.keyword.builtin.VerifyElementVisibleKeyword.execute(VerifyElementVisibleKeyword.groovy:35)
	at com.kms.katalon.core.keyword.internal.KeywordExecutor.executeKeywordForPlatform(KeywordExecutor.groovy:74)
	at com.kms.katalon.core.mobile.keyword.MobileBuiltInKeywords.verifyElementVisible(MobileBuiltInKeywords.groovy:2015)
	at Login.run(Login:34)
	at com.kms.katalon.core.main.ScriptEngine.run(ScriptEngine.java:194)
	at com.kms.katalon.core.main.ScriptEngine.runScriptAsRawText(ScriptEngine.java:119)
	at com.kms.katalon.core.main.TestCaseExecutor.runScript(TestCaseExecutor.java:448)
	at com.kms.katalon.core.main.TestCaseExecutor.doExecute(TestCaseExecutor.java:439)
	at com.kms.katalon.core.main.TestCaseExecutor.processExecutionPhase(TestCaseExecutor.java:418)
	at com.kms.katalon.core.main.TestCaseExecutor.accessMainPhase(TestCaseExecutor.java:410)
	at com.kms.katalon.core.main.TestCaseExecutor.execute(TestCaseExecutor.java:285)
	at com.kms.katalon.core.common.CommonExecutor.accessTestCaseMainPhase(CommonExecutor.java:65)
	at com.kms.katalon.core.main.TestSuiteExecutor.accessTestSuiteMainPhase(TestSuiteExecutor.java:148)
	at com.kms.katalon.core.main.TestSuiteExecutor.execute(TestSuiteExecutor.java:106)
	at com.kms.katalon.core.main.TestCaseMain.startTestSuite(TestCaseMain.java:180)
	at TempTestSuite1707898648404.run(TempTestSuite1707898648404.groovy:36)
	at java.base/jdk.internal.reflect.NativeMethodAccessorImpl.invoke0(Native Method)
	at java.base/jdk.internal.reflect.NativeMethodAccessorImpl.invoke(NativeMethodAccessorImpl.java:77)
	at java.base/jdk.internal.reflect.DelegatingMethodAccessorImpl.invoke(DelegatingMethodAccessorImpl.java:43)
)

14-02-2024T15:19:22 - [MESSAGE][WARNING] - Element 'Object Repository/Login/android.widget.TextView - Incorrect user name or password' not found (Root cause: com.kms.katalon.core.exception.StepFailedException: Element 'Object Repository/Login/android.widget.TextView - Incorrect user name or password' not found
	at com.kms.katalon.core.mobile.keyword.internal.MobileKeywordMain.stepFailed(MobileKeywordMain.groovy:38)
	at com.kms.katalon.core.mobile.keyword.builtin.VerifyElementVisibleKeyword$_verifyElementVisible_closure1.doCall(VerifyElementVisibleKeyword.groovy:53)
	at com.kms.katalon.core.mobile.keyword.builtin.VerifyElementVisibleKeyword$_verifyElementVisible_closure1.call(VerifyElementVisibleKeyword.groovy)
	at com.kms.katalon.core.mobile.keyword.internal.MobileKeywordMain.runKeyword(MobileKeywordMain.groovy:19)
	at com.kms.katalon.core.mobile.keyword.builtin.VerifyElementVisibleKeyword.verifyElementVisible(VerifyElementVisibleKeyword.groovy:56)
	at com.kms.katalon.core.mobile.keyword.builtin.VerifyElementVisibleKeyword.execute(VerifyElementVisibleKeyword.groovy:35)
	at com.kms.katalon.core.keyword.internal.KeywordExecutor.executeKeywordForPlatform(KeywordExecutor.groovy:74)
	at com.kms.katalon.core.mobile.keyword.MobileBuiltInKeywords.verifyElementVisible(MobileBuiltInKeywords.groovy:2015)
	at Login.run(Login:34)
	at com.kms.katalon.core.main.ScriptEngine.run(ScriptEngine.java:194)
	at com.kms.katalon.core.main.ScriptEngine.runScriptAsRawText(ScriptEngine.java:119)
	at com.kms.katalon.core.main.TestCaseExecutor.runScript(TestCaseExecutor.java:448)
	at com.kms.katalon.core.main.TestCaseExecutor.doExecute(TestCaseExecutor.java:439)
	at com.kms.katalon.core.main.TestCaseExecutor.processExecutionPhase(TestCaseExecutor.java:418)
	at com.kms.katalon.core.main.TestCaseExecutor.accessMainPhase(TestCaseExecutor.java:410)
	at com.kms.katalon.core.main.TestCaseExecutor.execute(TestCaseExecutor.java:285)
	at com.kms.katalon.core.common.CommonExecutor.accessTestCaseMainPhase(CommonExecutor.java:65)
	at com.kms.katalon.core.main.TestSuiteExecutor.accessTestSuiteMainPhase(TestSuiteExecutor.java:148)
	at com.kms.katalon.core.main.TestSuiteExecutor.execute(TestSuiteExecutor.java:106)
	at com.kms.katalon.core.main.TestCaseMain.startTestSuite(TestCaseMain.java:180)
	at TempTestSuite1707898648404.run(TempTestSuite1707898648404.groovy:36)
	at java.base/jdk.internal.reflect.NativeMethodAccessorImpl.invoke0(Native Method)
	at java.base/jdk.internal.reflect.NativeMethodAccessorImpl.invoke(NativeMethodAccessorImpl.java:77)
	at java.base/jdk.internal.reflect.DelegatingMethodAccessorImpl.invoke(DelegatingMethodAccessorImpl.java:43)
)
[[ATTACHMENT|C:\\Users\\rizky\\git\\katalon-finalmobile-RizkyAriSaktiaPasi\\Reports\\20240214_151728\\Test Suite 1\\20240214_151728\\1707898761775.png]]

14-02-2024T15:19:22 - [TEST_STEP][PASSED] - if (VerifyPassSalah): null

14-02-2024T15:19:22 - [TEST_STEP][PASSED] - else: Tapped on element 'Object Repository/Login/android.widget.Button - NO'

14-02-2024T15:19:22 - [TEST_STEP][PASSED] - println("Berhasil Login"): null

14-02-2024T15:19:22 - [TEST_STEP][PASSED] - tap(findTestObject("Object Repository/Login/android.widget.Button - NO"), 0): Tapped on element 'Object Repository/Login/android.widget.Button - NO'

14-02-2024T15:19:22 - [MESSAGE][WARNING] - Timeout '0' is invalid. Using default page load timeout: '30'

14-02-2024T15:19:22 - [MESSAGE][PASSED] - Tapped on element 'Object Repository/Login/android.widget.Button - NO']]></system-out>
         <system-err><![CDATA[]]></system-err>
      </testcase>
      <testcase name="Test Cases/Login" time="28.381" classname="Test Cases/Login" status="PASSED">
         <system-out><![CDATA[14-02-2024T15:19:22 - [TEST_CASE][PASSED] - Test Cases/Login: Test Cases/Login

14-02-2024T15:19:22 - [TEST_STEP][PASSED] - startApplication("C:\Users\rizky\Downloads\Advantage+demo+3.2.apk", true): Started app at: 'C:\Users\rizky\Downloads\Advantage+demo+3.2.apk'

14-02-2024T15:19:33 - [MESSAGE][PASSED] - Started app at: 'C:\Users\rizky\Downloads\Advantage+demo+3.2.apk'

14-02-2024T15:19:33 - [TEST_STEP][PASSED] - tap(findTestObject("Object Repository/Login/android.widget.ImageView"), 0): Tapped on element 'Object Repository/Login/android.widget.ImageView'

14-02-2024T15:19:33 - [MESSAGE][WARNING] - Timeout '0' is invalid. Using default page load timeout: '30'

14-02-2024T15:19:37 - [MESSAGE][PASSED] - Tapped on element 'Object Repository/Login/android.widget.ImageView'

14-02-2024T15:19:37 - [TEST_STEP][PASSED] - tap(findTestObject("Object Repository/Login/android.widget.ImageView (1)"), 0): Tapped on element 'Object Repository/Login/android.widget.ImageView (1)'

14-02-2024T15:19:37 - [MESSAGE][WARNING] - Timeout '0' is invalid. Using default page load timeout: '30'

14-02-2024T15:19:39 - [MESSAGE][PASSED] - Tapped on element 'Object Repository/Login/android.widget.ImageView (1)'

14-02-2024T15:19:39 - [TEST_STEP][PASSED] - setText(findTestObject("Object Repository/Login/android.widget.EditText"), Username, 0): Text 'Ayik23' has been set to element 'Object Repository/Login/android.widget.EditText'

14-02-2024T15:19:39 - [MESSAGE][WARNING] - Timeout '0' is invalid. Using default page load timeout: '30'

14-02-2024T15:19:43 - [MESSAGE][PASSED] - Text 'Ayik23' has been set to element 'Object Repository/Login/android.widget.EditText'

14-02-2024T15:19:43 - [TEST_STEP][PASSED] - setText(findTestObject("Object Repository/Login/android.widget.EditText (1)"), Password, 0): Text 'Ayik234' has been set to element 'Object Repository/Login/android.widget.EditText (1)'

14-02-2024T15:19:43 - [MESSAGE][WARNING] - Timeout '0' is invalid. Using default page load timeout: '30'

14-02-2024T15:19:45 - [MESSAGE][PASSED] - Text 'Ayik234' has been set to element 'Object Repository/Login/android.widget.EditText (1)'

14-02-2024T15:19:45 - [TEST_STEP][PASSED] - hideKeyboard(): Keyboard is hidden

14-02-2024T15:19:46 - [MESSAGE][PASSED] - Keyboard is hidden

14-02-2024T15:19:46 - [TEST_STEP][PASSED] - tap(findTestObject("Object Repository/Login/android.widget.Button - LOGIN"), 0): Tapped on element 'Object Repository/Login/android.widget.Button - LOGIN'

14-02-2024T15:19:46 - [MESSAGE][WARNING] - Timeout '0' is invalid. Using default page load timeout: '30'

14-02-2024T15:19:47 - [MESSAGE][PASSED] - Tapped on element 'Object Repository/Login/android.widget.Button - LOGIN'

14-02-2024T15:19:47 - [TEST_STEP][PASSED] - VerifyPassSalah = verifyElementVisible(findTestObject("Object Repository/Login/android.widget.TextView - Incorrect user name or password"), 5, OPTIONAL): Element 'Object Repository/Login/android.widget.TextView - Incorrect user name or password' is visible

14-02-2024T15:19:51 - [MESSAGE][PASSED] - Element 'Object Repository/Login/android.widget.TextView - Incorrect user name or password' is visible

14-02-2024T15:19:51 - [TEST_STEP][PASSED] - if (VerifyPassSalah): null

14-02-2024T15:19:51 - [TEST_STEP][PASSED] - println("username atau password salah, silahkan klik lupa password atau mendaftar"): null]]></system-out>
         <system-err><![CDATA[]]></system-err>
      </testcase>
      <testcase name="Test Cases/Checkout" time="45.017" classname="Test Cases/Checkout" status="PASSED">
         <system-out><![CDATA[14-02-2024T15:19:51 - [TEST_CASE][PASSED] - Test Cases/Checkout: Test Cases/Checkout

14-02-2024T15:19:51 - [TEST_STEP][PASSED] - startApplication("C:\Users\rizky\Downloads\Advantage+demo+3.2.apk", true): Started app at: 'C:\Users\rizky\Downloads\Advantage+demo+3.2.apk'

14-02-2024T15:20:02 - [MESSAGE][PASSED] - Started app at: 'C:\Users\rizky\Downloads\Advantage+demo+3.2.apk'

14-02-2024T15:20:02 - [TEST_STEP][PASSED] - tap(findTestObject("Object Repository/Checkout/android.widget.ImageView"), 0): Tapped on element 'Object Repository/Checkout/android.widget.ImageView'

14-02-2024T15:20:02 - [MESSAGE][WARNING] - Timeout '0' is invalid. Using default page load timeout: '30'

14-02-2024T15:20:06 - [MESSAGE][PASSED] - Tapped on element 'Object Repository/Checkout/android.widget.ImageView'

14-02-2024T15:20:06 - [TEST_STEP][PASSED] - tap(findTestObject("Object Repository/Checkout/android.widget.TextView - LOGIN"), 0): Tapped on element 'Object Repository/Checkout/android.widget.TextView - LOGIN'

14-02-2024T15:20:06 - [MESSAGE][WARNING] - Timeout '0' is invalid. Using default page load timeout: '30'

14-02-2024T15:20:08 - [MESSAGE][PASSED] - Tapped on element 'Object Repository/Checkout/android.widget.TextView - LOGIN'

14-02-2024T15:20:08 - [TEST_STEP][PASSED] - setText(findTestObject("Object Repository/Checkout/android.widget.EditText"), "dika12", 0): Text 'dika12' has been set to element 'Object Repository/Checkout/android.widget.EditText'

14-02-2024T15:20:08 - [MESSAGE][WARNING] - Timeout '0' is invalid. Using default page load timeout: '30'

14-02-2024T15:20:11 - [MESSAGE][PASSED] - Text 'dika12' has been set to element 'Object Repository/Checkout/android.widget.EditText'

14-02-2024T15:20:11 - [TEST_STEP][PASSED] - setText(findTestObject("Object Repository/Checkout/android.widget.EditText (1)"), "Dika12", 0): Text 'Dika12' has been set to element 'Object Repository/Checkout/android.widget.EditText (1)'

14-02-2024T15:20:11 - [MESSAGE][WARNING] - Timeout '0' is invalid. Using default page load timeout: '30'

14-02-2024T15:20:14 - [MESSAGE][PASSED] - Text 'Dika12' has been set to element 'Object Repository/Checkout/android.widget.EditText (1)'

14-02-2024T15:20:14 - [TEST_STEP][PASSED] - tap(findTestObject("Object Repository/Checkout/android.widget.Button - LOGIN"), 0): Tapped on element 'Object Repository/Checkout/android.widget.Button - LOGIN'

14-02-2024T15:20:14 - [MESSAGE][WARNING] - Timeout '0' is invalid. Using default page load timeout: '30'

14-02-2024T15:20:15 - [MESSAGE][PASSED] - Tapped on element 'Object Repository/Checkout/android.widget.Button - LOGIN'

14-02-2024T15:20:15 - [TEST_STEP][PASSED] - tap(findTestObject("Object Repository/Checkout/android.widget.Button - NO"), 0): Tapped on element 'Object Repository/Checkout/android.widget.Button - NO'

14-02-2024T15:20:15 - [MESSAGE][WARNING] - Timeout '0' is invalid. Using default page load timeout: '30'

14-02-2024T15:20:20 - [MESSAGE][PASSED] - Tapped on element 'Object Repository/Checkout/android.widget.Button - NO'

14-02-2024T15:20:20 - [TEST_STEP][PASSED] - tap(findTestObject("Object Repository/Checkout/android.widget.ImageView (1)"), 0): Tapped on element 'Object Repository/Checkout/android.widget.ImageView (1)'

14-02-2024T15:20:20 - [MESSAGE][WARNING] - Timeout '0' is invalid. Using default page load timeout: '30'

14-02-2024T15:20:22 - [MESSAGE][PASSED] - Tapped on element 'Object Repository/Checkout/android.widget.ImageView (1)'

14-02-2024T15:20:22 - [TEST_STEP][PASSED] - VerifyKeranjang = verifyElementVisible(findTestObject("Object Repository/Checkout/Keranjang Kosong"), 3, OPTIONAL): Element 'Object Repository/Checkout/Keranjang Kosong' not found (Root cause: com.kms.katalon.core.exception.StepFailedException: Element 'Object Repository/Checkout/Keranjang Kosong' not found
	at com.kms.katalon.core.mobile.keyword.internal.MobileKeywordMain.stepFailed(MobileKeywordMain.groovy:38)
	at com.kms.katalon.core.mobile.keyword.builtin.VerifyElementVisibleKeyword$_verifyElementVisible_closure1.doCall(VerifyElementVisibleKeyword.groovy:53)
	at com.kms.katalon.core.mobile.keyword.builtin.VerifyElementVisibleKeyword$_verifyElementVisible_closure1.call(VerifyElementVisibleKeyword.groovy)
	at com.kms.katalon.core.mobile.keyword.internal.MobileKeywordMain.runKeyword(MobileKeywordMain.groovy:19)
	at com.kms.katalon.core.mobile.keyword.builtin.VerifyElementVisibleKeyword.verifyElementVisible(VerifyElementVisibleKeyword.groovy:56)
	at com.kms.katalon.core.mobile.keyword.builtin.VerifyElementVisibleKeyword.execute(VerifyElementVisibleKeyword.groovy:35)
	at com.kms.katalon.core.keyword.internal.KeywordExecutor.executeKeywordForPlatform(KeywordExecutor.groovy:74)
	at com.kms.katalon.core.mobile.keyword.MobileBuiltInKeywords.verifyElementVisible(MobileBuiltInKeywords.groovy:2015)
	at Checkout.run(Checkout:36)
	at com.kms.katalon.core.main.ScriptEngine.run(ScriptEngine.java:194)
	at com.kms.katalon.core.main.ScriptEngine.runScriptAsRawText(ScriptEngine.java:119)
	at com.kms.katalon.core.main.TestCaseExecutor.runScript(TestCaseExecutor.java:448)
	at com.kms.katalon.core.main.TestCaseExecutor.doExecute(TestCaseExecutor.java:439)
	at com.kms.katalon.core.main.TestCaseExecutor.processExecutionPhase(TestCaseExecutor.java:418)
	at com.kms.katalon.core.main.TestCaseExecutor.accessMainPhase(TestCaseExecutor.java:410)
	at com.kms.katalon.core.main.TestCaseExecutor.execute(TestCaseExecutor.java:285)
	at com.kms.katalon.core.common.CommonExecutor.accessTestCaseMainPhase(CommonExecutor.java:65)
	at com.kms.katalon.core.main.TestSuiteExecutor.accessTestSuiteMainPhase(TestSuiteExecutor.java:148)
	at com.kms.katalon.core.main.TestSuiteExecutor.execute(TestSuiteExecutor.java:106)
	at com.kms.katalon.core.main.TestCaseMain.startTestSuite(TestCaseMain.java:180)
	at TempTestSuite1707898648404.run(TempTestSuite1707898648404.groovy:36)
	at java.base/jdk.internal.reflect.NativeMethodAccessorImpl.invoke0(Native Method)
	at java.base/jdk.internal.reflect.NativeMethodAccessorImpl.invoke(NativeMethodAccessorImpl.java:77)
	at java.base/jdk.internal.reflect.DelegatingMethodAccessorImpl.invoke(DelegatingMethodAccessorImpl.java:43)
)

14-02-2024T15:20:26 - [MESSAGE][WARNING] - Element 'Object Repository/Checkout/Keranjang Kosong' not found (Root cause: com.kms.katalon.core.exception.StepFailedException: Element 'Object Repository/Checkout/Keranjang Kosong' not found
	at com.kms.katalon.core.mobile.keyword.internal.MobileKeywordMain.stepFailed(MobileKeywordMain.groovy:38)
	at com.kms.katalon.core.mobile.keyword.builtin.VerifyElementVisibleKeyword$_verifyElementVisible_closure1.doCall(VerifyElementVisibleKeyword.groovy:53)
	at com.kms.katalon.core.mobile.keyword.builtin.VerifyElementVisibleKeyword$_verifyElementVisible_closure1.call(VerifyElementVisibleKeyword.groovy)
	at com.kms.katalon.core.mobile.keyword.internal.MobileKeywordMain.runKeyword(MobileKeywordMain.groovy:19)
	at com.kms.katalon.core.mobile.keyword.builtin.VerifyElementVisibleKeyword.verifyElementVisible(VerifyElementVisibleKeyword.groovy:56)
	at com.kms.katalon.core.mobile.keyword.builtin.VerifyElementVisibleKeyword.execute(VerifyElementVisibleKeyword.groovy:35)
	at com.kms.katalon.core.keyword.internal.KeywordExecutor.executeKeywordForPlatform(KeywordExecutor.groovy:74)
	at com.kms.katalon.core.mobile.keyword.MobileBuiltInKeywords.verifyElementVisible(MobileBuiltInKeywords.groovy:2015)
	at Checkout.run(Checkout:36)
	at com.kms.katalon.core.main.ScriptEngine.run(ScriptEngine.java:194)
	at com.kms.katalon.core.main.ScriptEngine.runScriptAsRawText(ScriptEngine.java:119)
	at com.kms.katalon.core.main.TestCaseExecutor.runScript(TestCaseExecutor.java:448)
	at com.kms.katalon.core.main.TestCaseExecutor.doExecute(TestCaseExecutor.java:439)
	at com.kms.katalon.core.main.TestCaseExecutor.processExecutionPhase(TestCaseExecutor.java:418)
	at com.kms.katalon.core.main.TestCaseExecutor.accessMainPhase(TestCaseExecutor.java:410)
	at com.kms.katalon.core.main.TestCaseExecutor.execute(TestCaseExecutor.java:285)
	at com.kms.katalon.core.common.CommonExecutor.accessTestCaseMainPhase(CommonExecutor.java:65)
	at com.kms.katalon.core.main.TestSuiteExecutor.accessTestSuiteMainPhase(TestSuiteExecutor.java:148)
	at com.kms.katalon.core.main.TestSuiteExecutor.execute(TestSuiteExecutor.java:106)
	at com.kms.katalon.core.main.TestCaseMain.startTestSuite(TestCaseMain.java:180)
	at TempTestSuite1707898648404.run(TempTestSuite1707898648404.groovy:36)
	at java.base/jdk.internal.reflect.NativeMethodAccessorImpl.invoke0(Native Method)
	at java.base/jdk.internal.reflect.NativeMethodAccessorImpl.invoke(NativeMethodAccessorImpl.java:77)
	at java.base/jdk.internal.reflect.DelegatingMethodAccessorImpl.invoke(DelegatingMethodAccessorImpl.java:43)
)
[[ATTACHMENT|C:\\Users\\rizky\\git\\katalon-finalmobile-RizkyAriSaktiaPasi\\Reports\\20240214_151728\\Test Suite 1\\20240214_151728\\1707898825481.png]]

14-02-2024T15:20:26 - [TEST_STEP][PASSED] - if (VerifyKeranjang): null

14-02-2024T15:20:26 - [TEST_STEP][PASSED] - else: null

14-02-2024T15:20:26 - [TEST_STEP][PASSED] - tap(findTestObject("Object Repository/Login/cekout"), 0): Tapped on element 'Object Repository/Login/cekout'

14-02-2024T15:20:26 - [MESSAGE][WARNING] - Timeout '0' is invalid. Using default page load timeout: '30'

14-02-2024T15:20:26 - [MESSAGE][PASSED] - Tapped on element 'Object Repository/Login/cekout'

14-02-2024T15:20:26 - [TEST_STEP][PASSED] - tap(findTestObject("Object Repository/Checkout/android.widget.Button - PAY NOW"), 0): Tapped on element 'Object Repository/Checkout/android.widget.Button - PAY NOW'

14-02-2024T15:20:26 - [MESSAGE][WARNING] - Timeout '0' is invalid. Using default page load timeout: '30'

14-02-2024T15:20:33 - [MESSAGE][PASSED] - Tapped on element 'Object Repository/Checkout/android.widget.Button - PAY NOW'

14-02-2024T15:20:33 - [TEST_STEP][PASSED] - verifyElementVisible(findTestObject("Object Repository/Checkout/verify sukses cekout"), 3): Element 'Object Repository/Checkout/verify sukses cekout' is visible

14-02-2024T15:20:36 - [MESSAGE][PASSED] - Element 'Object Repository/Checkout/verify sukses cekout' is visible

14-02-2024T15:20:36 - [TEST_STEP][PASSED] - println("berhasil checkout"): null]]></system-out>
         <system-err><![CDATA[]]></system-err>
      </testcase>
      <system-out><![CDATA[14-02-2024T15:17:35 - [TEST_SUITE][PASSED] - Test Suite 1: Test Cases/Checkout]]></system-out>
      <system-err><![CDATA[]]></system-err>
   </testsuite>
</testsuites>
