<?xml version="1.0" encoding="UTF-8"?>
<testsuites name="Test Suite 1" time="243.067" tests="3" failures="0" errors="0">
   <testsuite name="Test Suite 1" tests="3" failures="0" errors="0" time="243.067" skipped="0" timestamp="13-02-2024T23:52:25" hostname="rizky - Rizky" id="Test Suites/Test Suite 1">
      <properties>
         <property name="deviceName" value="emulator-5554 (sdk_gphone64_x86_64 - Android 14)"/>
         <property name="devicePlatform" value=""/>
         <property name="logFolder" value="C:\\Users\\rizky\\git\\katalon-finalmobile-RizkyAriSaktiaPasi\\Reports\\20240213_235218\\Test Suite 1\\20240213_235218"/>
         <property name="logFiles" value="C:\\Users\\rizky\\git\\katalon-finalmobile-RizkyAriSaktiaPasi\\Reports\\20240213_235218\\Test Suite 1\\20240213_235218\\appium.log, C:\\Users\\rizky\\git\\katalon-finalmobile-RizkyAriSaktiaPasi\\Reports\\20240213_235218\\Test Suite 1\\20240213_235218\\appium_error.log, C:\\Users\\rizky\\git\\katalon-finalmobile-RizkyAriSaktiaPasi\\Reports\\20240213_235218\\Test Suite 1\\20240213_235218\\execution0.log"/>
         <property name="attachments" value="C:\\Users\\rizky\\git\\katalon-finalmobile-RizkyAriSaktiaPasi\\Reports\\20240213_235218\\Test Suite 1\\20240213_235218\\1707843296087.png, C:\\Users\\rizky\\git\\katalon-finalmobile-RizkyAriSaktiaPasi\\Reports\\20240213_235218\\Test Suite 1\\20240213_235218\\1707843297748.png, C:\\Users\\rizky\\git\\katalon-finalmobile-RizkyAriSaktiaPasi\\Reports\\20240213_235218\\Test Suite 1\\20240213_235218\\1707843353348.png, C:\\Users\\rizky\\git\\katalon-finalmobile-RizkyAriSaktiaPasi\\Reports\\20240213_235218\\Test Suite 1\\20240213_235218\\1707843355038.png"/>
         <property name="hostName" value="rizky - Rizky"/>
         <property name="os" value="Windows 11 64bit"/>
         <property name="appiumServerStatus" value="{&quot;value&quot;:{&quot;ready&quot;:true,&quot;message&quot;:&quot;The server is ready to accept new connections&quot;,&quot;build&quot;:{&quot;version&quot;:&quot;2.5.0&quot;}}}"/>
         <property name="katalonVersion" value="9.3.0.212"/>
         <property name="deviceOS" value="Android"/>
         <property name="appiumVersion" value="2.5.0"/>
         <property name="deviceModel" value="sdk_gphone64_x86_64"/>
         <property name="hostAddress" value="192.168.145.78"/>
         <property name="deviceManufacturer" value="Google"/>
         <property name="deviceId" value="emulator-5554"/>
         <property name="deviceName" value="emulator-5554 (sdk_gphone64_x86_64 - Android 14)"/>
         <property name="deviceOSVersion" value="14"/>
      </properties>
      <testcase name="Test Cases/Login" time="48.09" classname="Test Cases/Login" status="PASSED">
         <system-out><![CDATA[13-02-2024T23:52:25 - [TEST_CASE][PASSED] - Test Cases/Login: Test Cases/Login

13-02-2024T23:52:26 - [TEST_STEP][PASSED] - startApplication("C:\Users\rizky\Downloads\Advantage+demo+3.2.apk", true): Started app at: 'C:\Users\rizky\Downloads\Advantage+demo+3.2.apk'

13-02-2024T23:52:26 - [MESSAGE][INFO] - Detected NodeJS location: "C:\Program Files\nodejs\node.exe"

13-02-2024T23:52:32 - [MESSAGE][INFO] - PATH: C:\Program Files\nodejs;

13-02-2024T23:52:32 - [MESSAGE][INFO] - APPIUM_HOME: C:\Users\rizky\.appium

13-02-2024T23:52:32 - [MESSAGE][INFO] - appium outlog: C:\Users\rizky\git\katalon-finalmobile-RizkyAriSaktiaPasi\Reports\20240213_235218\Test Suite 1\20240213_235218\appium.log

13-02-2024T23:52:32 - [MESSAGE][INFO] - appium errlog: C:\Users\rizky\git\katalon-finalmobile-RizkyAriSaktiaPasi\Reports\20240213_235218\Test Suite 1\20240213_235218\appium_error.log

13-02-2024T23:52:36 - [MESSAGE][INFO] - Appium server started on port 53.058

13-02-2024T23:52:51 - [MESSAGE][PASSED] - Started app at: 'C:\Users\rizky\Downloads\Advantage+demo+3.2.apk'

13-02-2024T23:52:51 - [TEST_STEP][PASSED] - tap(findTestObject("Object Repository/Login/android.widget.ImageView"), 0): Tapped on element 'Object Repository/Login/android.widget.ImageView'

13-02-2024T23:52:51 - [MESSAGE][WARNING] - Timeout '0' is invalid. Using default page load timeout: '30'

13-02-2024T23:52:55 - [MESSAGE][PASSED] - Tapped on element 'Object Repository/Login/android.widget.ImageView'

13-02-2024T23:52:55 - [TEST_STEP][PASSED] - tap(findTestObject("Object Repository/Login/android.widget.ImageView (1)"), 0): Tapped on element 'Object Repository/Login/android.widget.ImageView (1)'

13-02-2024T23:52:55 - [MESSAGE][WARNING] - Timeout '0' is invalid. Using default page load timeout: '30'

13-02-2024T23:52:56 - [MESSAGE][PASSED] - Tapped on element 'Object Repository/Login/android.widget.ImageView (1)'

13-02-2024T23:52:56 - [TEST_STEP][PASSED] - setText(findTestObject("Object Repository/Login/android.widget.EditText"), Username, 0): Text 'dika12' has been set to element 'Object Repository/Login/android.widget.EditText'

13-02-2024T23:52:56 - [MESSAGE][WARNING] - Timeout '0' is invalid. Using default page load timeout: '30'

13-02-2024T23:52:59 - [MESSAGE][PASSED] - Text 'dika12' has been set to element 'Object Repository/Login/android.widget.EditText'

13-02-2024T23:52:59 - [TEST_STEP][PASSED] - setText(findTestObject("Object Repository/Login/android.widget.EditText (1)"), Password, 0): Text 'Dika12' has been set to element 'Object Repository/Login/android.widget.EditText (1)'

13-02-2024T23:52:59 - [MESSAGE][WARNING] - Timeout '0' is invalid. Using default page load timeout: '30'

13-02-2024T23:53:02 - [MESSAGE][PASSED] - Text 'Dika12' has been set to element 'Object Repository/Login/android.widget.EditText (1)'

13-02-2024T23:53:02 - [TEST_STEP][PASSED] - hideKeyboard(): Keyboard is hidden

13-02-2024T23:53:06 - [MESSAGE][PASSED] - Keyboard is hidden

13-02-2024T23:53:06 - [TEST_STEP][PASSED] - tap(findTestObject("Object Repository/Login/android.widget.Button - LOGIN"), 0): Tapped on element 'Object Repository/Login/android.widget.Button - LOGIN'

13-02-2024T23:53:06 - [MESSAGE][WARNING] - Timeout '0' is invalid. Using default page load timeout: '30'

13-02-2024T23:53:07 - [MESSAGE][PASSED] - Tapped on element 'Object Repository/Login/android.widget.Button - LOGIN'

13-02-2024T23:53:07 - [TEST_STEP][PASSED] - tap(findTestObject("Object Repository/Login/android.widget.Button - NO"), 0): Tapped on element 'Object Repository/Login/android.widget.Button - NO'

13-02-2024T23:53:07 - [MESSAGE][WARNING] - Timeout '0' is invalid. Using default page load timeout: '30'

13-02-2024T23:53:10 - [MESSAGE][PASSED] - Tapped on element 'Object Repository/Login/android.widget.Button - NO'

13-02-2024T23:53:10 - [TEST_STEP][PASSED] - tap(findTestObject("Object Repository/Login/android.widget.ImageView"), 0): Tapped on element 'Object Repository/Login/android.widget.ImageView'

13-02-2024T23:53:10 - [MESSAGE][WARNING] - Timeout '0' is invalid. Using default page load timeout: '30'

13-02-2024T23:53:12 - [MESSAGE][PASSED] - Tapped on element 'Object Repository/Login/android.widget.ImageView'

13-02-2024T23:53:12 - [TEST_STEP][PASSED] - verifyElementVisible(findTestObject("Object Repository/Login/Label Login"), 5): Element 'Object Repository/Login/Label Login' is visible

13-02-2024T23:53:13 - [MESSAGE][PASSED] - Element 'Object Repository/Login/Label Login' is visible]]></system-out>
         <system-err><![CDATA[]]></system-err>
      </testcase>
      <testcase name="Test Cases/Login" time="45.369" classname="Test Cases/Login" status="PASSED">
         <system-out><![CDATA[13-02-2024T23:53:13 - [TEST_CASE][PASSED] - Test Cases/Login: Test Cases/Login

13-02-2024T23:53:13 - [TEST_STEP][PASSED] - startApplication("C:\Users\rizky\Downloads\Advantage+demo+3.2.apk", true): Started app at: 'C:\Users\rizky\Downloads\Advantage+demo+3.2.apk'

13-02-2024T23:53:24 - [MESSAGE][PASSED] - Started app at: 'C:\Users\rizky\Downloads\Advantage+demo+3.2.apk'

13-02-2024T23:53:24 - [TEST_STEP][PASSED] - tap(findTestObject("Object Repository/Login/android.widget.ImageView"), 0): Tapped on element 'Object Repository/Login/android.widget.ImageView'

13-02-2024T23:53:24 - [MESSAGE][WARNING] - Timeout '0' is invalid. Using default page load timeout: '30'

13-02-2024T23:53:28 - [MESSAGE][PASSED] - Tapped on element 'Object Repository/Login/android.widget.ImageView'

13-02-2024T23:53:28 - [TEST_STEP][PASSED] - tap(findTestObject("Object Repository/Login/android.widget.ImageView (1)"), 0): Tapped on element 'Object Repository/Login/android.widget.ImageView (1)'

13-02-2024T23:53:28 - [MESSAGE][WARNING] - Timeout '0' is invalid. Using default page load timeout: '30'

13-02-2024T23:53:29 - [MESSAGE][PASSED] - Tapped on element 'Object Repository/Login/android.widget.ImageView (1)'

13-02-2024T23:53:29 - [TEST_STEP][PASSED] - setText(findTestObject("Object Repository/Login/android.widget.EditText"), Username, 0): Text 'Cikal1' has been set to element 'Object Repository/Login/android.widget.EditText'

13-02-2024T23:53:29 - [MESSAGE][WARNING] - Timeout '0' is invalid. Using default page load timeout: '30'

13-02-2024T23:53:32 - [MESSAGE][PASSED] - Text 'Cikal1' has been set to element 'Object Repository/Login/android.widget.EditText'

13-02-2024T23:53:32 - [TEST_STEP][PASSED] - setText(findTestObject("Object Repository/Login/android.widget.EditText (1)"), Password, 0): Text 'Cikal123' has been set to element 'Object Repository/Login/android.widget.EditText (1)'

13-02-2024T23:53:32 - [MESSAGE][WARNING] - Timeout '0' is invalid. Using default page load timeout: '30'

13-02-2024T23:53:34 - [MESSAGE][PASSED] - Text 'Cikal123' has been set to element 'Object Repository/Login/android.widget.EditText (1)'

13-02-2024T23:53:34 - [TEST_STEP][PASSED] - hideKeyboard(): Keyboard is hidden

13-02-2024T23:53:37 - [MESSAGE][PASSED] - Keyboard is hidden

13-02-2024T23:53:37 - [TEST_STEP][PASSED] - tap(findTestObject("Object Repository/Login/android.widget.Button - LOGIN"), 0): Tapped on element 'Object Repository/Login/android.widget.Button - LOGIN'

13-02-2024T23:53:37 - [MESSAGE][WARNING] - Timeout '0' is invalid. Using default page load timeout: '30'

13-02-2024T23:53:38 - [MESSAGE][PASSED] - Tapped on element 'Object Repository/Login/android.widget.Button - LOGIN'

13-02-2024T23:53:38 - [TEST_STEP][PASSED] - tap(findTestObject("Object Repository/Login/android.widget.Button - NO"), 0): Tapped on element 'Object Repository/Login/android.widget.Button - NO'

13-02-2024T23:53:38 - [MESSAGE][WARNING] - Timeout '0' is invalid. Using default page load timeout: '30'

13-02-2024T23:53:56 - [MESSAGE][PASSED] - Tapped on element 'Object Repository/Login/android.widget.Button - NO'

13-02-2024T23:53:56 - [TEST_STEP][PASSED] - tap(findTestObject("Object Repository/Login/android.widget.ImageView"), 0): Tapped on element 'Object Repository/Login/android.widget.ImageView'

13-02-2024T23:53:56 - [MESSAGE][WARNING] - Timeout '0' is invalid. Using default page load timeout: '30'

13-02-2024T23:53:57 - [MESSAGE][PASSED] - Tapped on element 'Object Repository/Login/android.widget.ImageView'

13-02-2024T23:53:57 - [TEST_STEP][PASSED] - verifyElementVisible(findTestObject("Object Repository/Login/Label Login"), 5): Element 'Object Repository/Login/Label Login' is visible

13-02-2024T23:53:58 - [MESSAGE][PASSED] - Element 'Object Repository/Login/Label Login' is visible]]></system-out>
         <system-err><![CDATA[]]></system-err>
      </testcase>
      <testcase name="Test Cases/Login" time="31.894" classname="Test Cases/Login" status="PASSED">
         <system-out><![CDATA[13-02-2024T23:55:56 - [TEST_CASE][PASSED] - Test Cases/Login: Test Cases/Login

13-02-2024T23:55:56 - [TEST_STEP][PASSED] - startApplication("C:\Users\rizky\Downloads\Advantage+demo+3.2.apk", true): Started app at: 'C:\Users\rizky\Downloads\Advantage+demo+3.2.apk'

13-02-2024T23:56:07 - [MESSAGE][PASSED] - Started app at: 'C:\Users\rizky\Downloads\Advantage+demo+3.2.apk'

13-02-2024T23:56:07 - [TEST_STEP][PASSED] - tap(findTestObject("Object Repository/Login/android.widget.ImageView"), 0): Tapped on element 'Object Repository/Login/android.widget.ImageView'

13-02-2024T23:56:08 - [MESSAGE][WARNING] - Timeout '0' is invalid. Using default page load timeout: '30'

13-02-2024T23:56:11 - [MESSAGE][PASSED] - Tapped on element 'Object Repository/Login/android.widget.ImageView'

13-02-2024T23:56:11 - [TEST_STEP][PASSED] - tap(findTestObject("Object Repository/Login/android.widget.ImageView (1)"), 0): Tapped on element 'Object Repository/Login/android.widget.ImageView (1)'

13-02-2024T23:56:11 - [MESSAGE][WARNING] - Timeout '0' is invalid. Using default page load timeout: '30'

13-02-2024T23:56:12 - [MESSAGE][PASSED] - Tapped on element 'Object Repository/Login/android.widget.ImageView (1)'

13-02-2024T23:56:12 - [TEST_STEP][PASSED] - setText(findTestObject("Object Repository/Login/android.widget.EditText"), Username, 0): Text 'Fariz123' has been set to element 'Object Repository/Login/android.widget.EditText'

13-02-2024T23:56:12 - [MESSAGE][WARNING] - Timeout '0' is invalid. Using default page load timeout: '30'

13-02-2024T23:56:15 - [MESSAGE][PASSED] - Text 'Fariz123' has been set to element 'Object Repository/Login/android.widget.EditText'

13-02-2024T23:56:15 - [TEST_STEP][PASSED] - setText(findTestObject("Object Repository/Login/android.widget.EditText (1)"), Password, 0): Text 'Fariz123' has been set to element 'Object Repository/Login/android.widget.EditText (1)'

13-02-2024T23:56:15 - [MESSAGE][WARNING] - Timeout '0' is invalid. Using default page load timeout: '30'

13-02-2024T23:56:18 - [MESSAGE][PASSED] - Text 'Fariz123' has been set to element 'Object Repository/Login/android.widget.EditText (1)'

13-02-2024T23:56:18 - [TEST_STEP][PASSED] - hideKeyboard(): Keyboard is hidden

13-02-2024T23:56:21 - [MESSAGE][PASSED] - Keyboard is hidden

13-02-2024T23:56:21 - [TEST_STEP][PASSED] - tap(findTestObject("Object Repository/Login/android.widget.Button - LOGIN"), 0): Tapped on element 'Object Repository/Login/android.widget.Button - LOGIN'

13-02-2024T23:56:21 - [MESSAGE][WARNING] - Timeout '0' is invalid. Using default page load timeout: '30'

13-02-2024T23:56:21 - [MESSAGE][PASSED] - Tapped on element 'Object Repository/Login/android.widget.Button - LOGIN'

13-02-2024T23:56:21 - [TEST_STEP][PASSED] - tap(findTestObject("Object Repository/Login/android.widget.Button - NO"), 0): Tapped on element 'Object Repository/Login/android.widget.Button - NO'

13-02-2024T23:56:21 - [MESSAGE][WARNING] - Timeout '0' is invalid. Using default page load timeout: '30'

13-02-2024T23:56:24 - [MESSAGE][PASSED] - Tapped on element 'Object Repository/Login/android.widget.Button - NO'

13-02-2024T23:56:24 - [TEST_STEP][PASSED] - tap(findTestObject("Object Repository/Login/android.widget.ImageView"), 0): Tapped on element 'Object Repository/Login/android.widget.ImageView'

13-02-2024T23:56:24 - [MESSAGE][WARNING] - Timeout '0' is invalid. Using default page load timeout: '30'

13-02-2024T23:56:27 - [MESSAGE][PASSED] - Tapped on element 'Object Repository/Login/android.widget.ImageView'

13-02-2024T23:56:27 - [TEST_STEP][PASSED] - verifyElementVisible(findTestObject("Object Repository/Login/Label Login"), 5): Element 'Object Repository/Login/Label Login' is visible

13-02-2024T23:56:28 - [MESSAGE][PASSED] - Element 'Object Repository/Login/Label Login' is visible]]></system-out>
         <system-err><![CDATA[]]></system-err>
      </testcase>
      <system-out><![CDATA[13-02-2024T23:52:25 - [TEST_SUITE][FAILED] - Test Suite 1: Test Cases/Login FAILED.
Reason:
com.kms.katalon.core.exception.StepFailedException: Failed to tap on element 'Object Repository/Login/android.widget.Button - NO'
	at com.kms.katalon.core.mobile.keyword.internal.MobileKeywordMain.stepFailed(MobileKeywordMain.groovy:38)
	at com.kms.katalon.core.mobile.keyword.internal.MobileKeywordMain.runKeyword(MobileKeywordMain.groovy:21)
	at com.kms.katalon.core.mobile.keyword.builtin.TapKeyword.tap(TapKeyword.groovy:51)
	at com.kms.katalon.core.mobile.keyword.builtin.TapKeyword.execute(TapKeyword.groovy:35)
	at com.kms.katalon.core.keyword.internal.KeywordExecutor.executeKeywordForPlatform(KeywordExecutor.groovy:74)
	at com.kms.katalon.core.mobile.keyword.MobileBuiltInKeywords.tap(MobileBuiltInKeywords.groovy:1490)
	at Login.run(Login:34)
	at com.kms.katalon.core.main.ScriptEngine.run(ScriptEngine.java:194)
	at com.kms.katalon.core.main.ScriptEngine.runScriptAsRawText(ScriptEngine.java:119)
	at com.kms.katalon.core.main.TestCaseExecutor.runScript(TestCaseExecutor.java:448)
	at com.kms.katalon.core.main.TestCaseExecutor.doExecute(TestCaseExecutor.java:439)
	at com.kms.katalon.core.main.TestCaseExecutor.processExecutionPhase(TestCaseExecutor.java:418)
	at com.kms.katalon.core.main.TestCaseExecutor.accessMainPhase(TestCaseExecutor.java:410)
	at com.kms.katalon.core.main.TestCaseExecutor.execute(TestCaseExecutor.java:285)
	at com.kms.katalon.core.common.CommonExecutor.accessTestCaseMainPhase(CommonExecutor.java:65)
	at com.kms.katalon.core.main.TestSuiteExecutor.accessTestSuiteMainPhase(TestSuiteExecutor.java:148)
	at com.kms.katalon.core.main.TestSuiteExecutor.execute(TestSuiteExecutor.java:106)
	at com.kms.katalon.core.main.TestCaseMain.startTestSuite(TestCaseMain.java:180)
	at TempTestSuite1707843138161.run(TempTestSuite1707843138161.groovy:36)
	at java.base/jdk.internal.reflect.NativeMethodAccessorImpl.invoke0(Native Method)
	at java.base/jdk.internal.reflect.NativeMethodAccessorImpl.invoke(NativeMethodAccessorImpl.java:77)
	at java.base/jdk.internal.reflect.DelegatingMethodAccessorImpl.invoke(DelegatingMethodAccessorImpl.java:43)
Caused by: com.kms.katalon.core.exception.StepFailedException: Object Object Repository/Login/android.widget.Button - NO not found
	at com.kms.katalon.core.mobile.keyword.internal.MobileKeywordMain.stepFailed(MobileKeywordMain.groovy:38)
	at com.kms.katalon.core.mobile.keyword.builtin.TapKeyword$_tap_closure1.doCall(TapKeyword.groovy:46)
	at com.kms.katalon.core.mobile.keyword.builtin.TapKeyword$_tap_closure1.call(TapKeyword.groovy)
	at com.kms.katalon.core.mobile.keyword.internal.MobileKeywordMain.runKeyword(MobileKeywordMain.groovy:19)
	... 20 more]]></system-out>
      <system-err><![CDATA[13-02-2024T23:52:25 - [TEST_SUITE][FAILED] - Test Suite 1: Test Cases/Login FAILED.
Reason:
com.kms.katalon.core.exception.StepFailedException: Failed to tap on element 'Object Repository/Login/android.widget.Button - NO'
	at com.kms.katalon.core.mobile.keyword.internal.MobileKeywordMain.stepFailed(MobileKeywordMain.groovy:38)
	at com.kms.katalon.core.mobile.keyword.internal.MobileKeywordMain.runKeyword(MobileKeywordMain.groovy:21)
	at com.kms.katalon.core.mobile.keyword.builtin.TapKeyword.tap(TapKeyword.groovy:51)
	at com.kms.katalon.core.mobile.keyword.builtin.TapKeyword.execute(TapKeyword.groovy:35)
	at com.kms.katalon.core.keyword.internal.KeywordExecutor.executeKeywordForPlatform(KeywordExecutor.groovy:74)
	at com.kms.katalon.core.mobile.keyword.MobileBuiltInKeywords.tap(MobileBuiltInKeywords.groovy:1490)
	at Login.run(Login:34)
	at com.kms.katalon.core.main.ScriptEngine.run(ScriptEngine.java:194)
	at com.kms.katalon.core.main.ScriptEngine.runScriptAsRawText(ScriptEngine.java:119)
	at com.kms.katalon.core.main.TestCaseExecutor.runScript(TestCaseExecutor.java:448)
	at com.kms.katalon.core.main.TestCaseExecutor.doExecute(TestCaseExecutor.java:439)
	at com.kms.katalon.core.main.TestCaseExecutor.processExecutionPhase(TestCaseExecutor.java:418)
	at com.kms.katalon.core.main.TestCaseExecutor.accessMainPhase(TestCaseExecutor.java:410)
	at com.kms.katalon.core.main.TestCaseExecutor.execute(TestCaseExecutor.java:285)
	at com.kms.katalon.core.common.CommonExecutor.accessTestCaseMainPhase(CommonExecutor.java:65)
	at com.kms.katalon.core.main.TestSuiteExecutor.accessTestSuiteMainPhase(TestSuiteExecutor.java:148)
	at com.kms.katalon.core.main.TestSuiteExecutor.execute(TestSuiteExecutor.java:106)
	at com.kms.katalon.core.main.TestCaseMain.startTestSuite(TestCaseMain.java:180)
	at TempTestSuite1707843138161.run(TempTestSuite1707843138161.groovy:36)
	at java.base/jdk.internal.reflect.NativeMethodAccessorImpl.invoke0(Native Method)
	at java.base/jdk.internal.reflect.NativeMethodAccessorImpl.invoke(NativeMethodAccessorImpl.java:77)
	at java.base/jdk.internal.reflect.DelegatingMethodAccessorImpl.invoke(DelegatingMethodAccessorImpl.java:43)
Caused by: com.kms.katalon.core.exception.StepFailedException: Object Object Repository/Login/android.widget.Button - NO not found
	at com.kms.katalon.core.mobile.keyword.internal.MobileKeywordMain.stepFailed(MobileKeywordMain.groovy:38)
	at com.kms.katalon.core.mobile.keyword.builtin.TapKeyword$_tap_closure1.doCall(TapKeyword.groovy:46)
	at com.kms.katalon.core.mobile.keyword.builtin.TapKeyword$_tap_closure1.call(TapKeyword.groovy)
	at com.kms.katalon.core.mobile.keyword.internal.MobileKeywordMain.runKeyword(MobileKeywordMain.groovy:19)
	... 20 more]]></system-err>
   </testsuite>
</testsuites>
